2021-08-24 20:31:49,344 - __main__ - INFO - while #1
2021-08-24 20:31:49,345 - __main__ - INFO - unwhile #1
2021-08-24 20:31:49,515 - __main__ - INFO - 538946.68$
2021-08-24 20:34:02,890 - __main__ - INFO - while #1
2021-08-24 20:34:02,891 - __main__ - INFO - unwhile #1
2021-08-24 20:34:03,122 - __main__ - INFO - 538946.68$
2021-08-24 20:50:36,965 - __main__ - INFO - while #1
2021-08-24 20:50:36,965 - __main__ - INFO - unwhile #1
2021-08-24 20:50:37,274 - __main__ - INFO - 538946.68$
2021-08-24 20:52:57,283 - __main__ - INFO - while #1
2021-08-24 20:52:57,283 - __main__ - INFO - unwhile #1
2021-08-24 20:52:57,661 - __main__ - INFO - 538943.88$
2021-08-24 20:53:37,505 - __main__ - ERROR - unhashable type: 'dict'
Traceback (most recent call last):
  File "c:\Users\User\Documents\rep\Futures\main.py", line 84, in run
    print(connector.check_win_digital(chl[1], polling_time=1))
  File "C:\Users\User\AppData\Local\Programs\Python\Python39\lib\site-packages\iqoptionapi-6.8.9.1-py3.9.egg\iqoptionapi\stable_api.py", line 1096, in check_win_digital
    data = self.get_digital_position(buy_order_id)
  File "C:\Users\User\AppData\Local\Programs\Python\Python39\lib\site-packages\iqoptionapi-6.8.9.1-py3.9.egg\iqoptionapi\stable_api.py", line 1266, in get_digital_position
    while self.get_async_order(order_id)["position-changed"] == {}:
  File "C:\Users\User\AppData\Local\Programs\Python\Python39\lib\site-packages\iqoptionapi-6.8.9.1-py3.9.egg\iqoptionapi\stable_api.py", line 1205, in get_async_order
    return self.api.order_async[buy_order_id]
TypeError: unhashable type: 'dict'
2021-08-24 20:53:37,513 - __main__ - ERROR - [<class 'TypeError'>, 'main.py', 84]
Traceback (most recent call last):
  File "c:\Users\User\Documents\rep\Futures\main.py", line 84, in run
    print(connector.check_win_digital(chl[1], polling_time=1))
  File "C:\Users\User\AppData\Local\Programs\Python\Python39\lib\site-packages\iqoptionapi-6.8.9.1-py3.9.egg\iqoptionapi\stable_api.py", line 1096, in check_win_digital
    data = self.get_digital_position(buy_order_id)
  File "C:\Users\User\AppData\Local\Programs\Python\Python39\lib\site-packages\iqoptionapi-6.8.9.1-py3.9.egg\iqoptionapi\stable_api.py", line 1266, in get_digital_position
    while self.get_async_order(order_id)["position-changed"] == {}:
  File "C:\Users\User\AppData\Local\Programs\Python\Python39\lib\site-packages\iqoptionapi-6.8.9.1-py3.9.egg\iqoptionapi\stable_api.py", line 1205, in get_async_order
    return self.api.order_async[buy_order_id]
TypeError: unhashable type: 'dict'
2021-08-24 20:56:42,861 - __main__ - INFO - while #1
2021-08-24 20:56:42,862 - __main__ - INFO - unwhile #1
2021-08-24 20:56:43,160 - __main__ - INFO - 538942.09$
2021-08-24 20:58:09,509 - __main__ - INFO - while #1
2021-08-24 20:58:09,509 - __main__ - INFO - unwhile #1
2021-08-24 20:58:09,647 - __main__ - INFO - 538944.09$
2021-08-24 21:03:28,854 - __main__ - INFO - while #1
2021-08-24 21:03:28,855 - __main__ - INFO - unwhile #1
2021-08-24 21:03:29,233 - __main__ - INFO - 538942.29$
2021-08-24 21:04:25,341 - __main__ - INFO - while #1
2021-08-24 21:04:25,341 - __main__ - INFO - unwhile #1
2021-08-24 21:04:25,491 - __main__ - INFO - 538917.29$
2021-08-24 21:09:49,855 - __main__ - INFO - while #1
2021-08-24 21:09:49,855 - __main__ - INFO - unwhile #1
2021-08-24 21:09:50,075 - __main__ - INFO - 538932.5$
2021-08-24 21:15:03,634 - __main__ - INFO - while #1
2021-08-24 21:15:03,638 - __main__ - INFO - unwhile #1
2021-08-24 21:15:03,792 - __main__ - INFO - 538923.51$
2021-08-24 21:23:59,860 - __main__ - INFO - while #1
2021-08-24 21:23:59,860 - __main__ - INFO - unwhile #1
2021-08-24 21:24:00,144 - __main__ - INFO - 538918.12$
2021-08-24 21:25:04,446 - __main__ - INFO - -1
2021-08-24 21:25:04,448 - __main__ - INFO - (0, 1)
2021-08-24 21:25:04,450 - __main__ - INFO - -1
2021-08-24 21:25:04,451 - __main__ - INFO - (0, 2)
2021-08-24 21:25:04,451 - __main__ - INFO - -1
2021-08-24 21:25:04,452 - __main__ - INFO - (0, 3)
2021-08-24 21:25:04,457 - __main__ - INFO - -1
2021-08-24 21:25:04,458 - __main__ - INFO - (0, 4)
2021-08-24 21:25:04,458 - __main__ - INFO - 0.6009
2021-08-24 21:25:04,461 - __main__ - INFO - (1, 5)
2021-08-24 21:26:02,584 - __main__ - INFO - 0.6009
2021-08-24 21:26:02,591 - __main__ - INFO - (2, 6)
2021-08-24 21:26:02,591 - __main__ - INFO - -1
2021-08-24 21:26:02,592 - __main__ - INFO - (2, 7)
2021-08-24 21:26:02,592 - __main__ - INFO - -1
2021-08-24 21:26:02,593 - __main__ - INFO - (2, 8)
2021-08-24 21:26:02,593 - __main__ - INFO - 0.6009
2021-08-24 21:26:02,593 - __main__ - INFO - (3, 9)
2021-08-24 21:26:02,594 - __main__ - INFO - 0.6009
2021-08-24 21:26:02,594 - __main__ - INFO - (4, 10)
2021-08-24 21:27:02,947 - __main__ - INFO - -1
2021-08-24 21:27:02,947 - __main__ - INFO - (4, 11)
2021-08-24 21:27:02,948 - __main__ - INFO - -1
2021-08-24 21:27:02,949 - __main__ - INFO - (4, 12)
2021-08-24 21:27:02,964 - __main__ - INFO - -1
2021-08-24 21:27:02,965 - __main__ - INFO - (4, 13)
2021-08-24 21:27:03,023 - __main__ - INFO - -1
2021-08-24 21:27:03,024 - __main__ - INFO - (4, 14)
2021-08-24 21:27:03,024 - __main__ - INFO - -1
2021-08-24 21:27:03,025 - __main__ - INFO - (4, 15)
2021-08-24 21:28:02,860 - __main__ - INFO - 0.6009
2021-08-24 21:28:02,865 - __main__ - INFO - (5, 16)
2021-08-24 21:28:02,910 - __main__ - INFO - -1
2021-08-24 21:28:02,911 - __main__ - INFO - (5, 17)
2021-08-24 21:28:02,912 - __main__ - INFO - 0.6009
2021-08-24 21:28:02,912 - __main__ - INFO - (6, 18)
2021-08-24 21:28:02,913 - __main__ - INFO - 0.6009
2021-08-24 21:28:02,913 - __main__ - INFO - (7, 19)
2021-08-24 21:28:02,914 - __main__ - INFO - -1
2021-08-24 21:28:02,915 - __main__ - INFO - (7, 20)
2021-08-24 21:29:31,194 - __main__ - INFO - while #1
2021-08-24 21:29:31,194 - __main__ - INFO - unwhile #1
2021-08-24 21:29:31,684 - __main__ - INFO - 538907.53$
2021-08-24 21:35:04,824 - __main__ - INFO - (12, 25)
2021-08-24 21:35:04,844 - __main__ - INFO - while #1
2021-08-24 21:35:04,845 - __main__ - INFO - unwhile #1
2021-08-24 21:35:05,054 - __main__ - INFO - 538787.48$
2021-08-24 21:40:04,904 - __main__ - INFO - (24, 50)
2021-08-24 21:40:04,919 - __main__ - INFO - while #1
2021-08-24 21:40:04,920 - __main__ - INFO - unwhile #1
2021-08-24 21:40:05,093 - __main__ - INFO - 538895.95$
2021-08-24 21:45:05,364 - __main__ - INFO - (35, 75)
2021-08-24 21:45:05,382 - __main__ - INFO - while #1
2021-08-24 21:45:05,382 - __main__ - INFO - unwhile #1
2021-08-24 21:45:05,674 - __main__ - INFO - 538888.56$
2021-08-24 21:50:03,713 - __main__ - INFO - (49, 100)
2021-08-24 21:50:03,723 - __main__ - INFO - while #1
2021-08-24 21:50:03,723 - __main__ - INFO - unwhile #1
2021-08-24 21:50:03,923 - __main__ - INFO - 538885.97$
2021-08-24 21:55:04,233 - __main__ - INFO - (57, 125)
2021-08-24 21:55:04,243 - __main__ - INFO - while #1
2021-08-24 21:55:04,243 - __main__ - INFO - unwhile #1
2021-08-24 21:55:04,424 - __main__ - INFO - 538873.78$
2021-08-24 22:00:05,523 - __main__ - INFO - (71, 150)
2021-08-24 22:00:05,533 - __main__ - INFO - while #1
2021-08-24 22:00:05,533 - __main__ - INFO - unwhile #1
2021-08-24 22:00:05,813 - __main__ - INFO - 538871.19$
